<?xml version="1.0" encoding="UTF-8"?>
<!-- Generated by org.testng.reporters.JUnitReportReporter -->
<testsuite hostname="de-c-w-869" name="test.java.ProductSearchTest" tests="1" failures="0" timestamp="27 Nov 2015 16:40:59 GMT" time="49.383" errors="0">
  <testcase name="SearchForProduct" time="49.383" classname="test.java.ProductSearchTest"/>
</testsuite> <!-- test.java.ProductSearchTest -->
