<?xml version="1.0" encoding="UTF-8"?>
<!-- Generated by org.testng.reporters.JUnitReportReporter -->
<testsuite hostname="de-c-w-869" name="test.java.Add_Product2_to_Card" tests="1" failures="0" timestamp="26 Nov 2015 16:40:55 GMT" time="21.136" errors="0">
  <testcase name="main" time="21.136" classname="test.java.Add_Product2_to_Card"/>
</testsuite> <!-- test.java.Add_Product2_to_Card -->
