<?xml version="1.0" encoding="UTF-8"?>
<!-- Generated by org.testng.reporters.JUnitReportReporter -->
<testsuite hostname="de-c-w-869" name="test.java.NewTest" tests="2" failures="0" timestamp="26 Nov 2015 13:32:38 GMT" time="0.010" errors="0">
  <testcase name="gtest" time="0.010" classname="test.java.NewTest"/>
  <testcase name="ftest" time="0.000" classname="test.java.NewTest"/>
</testsuite> <!-- test.java.NewTest -->
