<?xml version="1.0" encoding="UTF-8"?>
<!-- Generated by org.testng.reporters.JUnitReportReporter -->
<testsuite hostname="de-c-w-869" name="test.java.NewTest" tests="2" failures="0" timestamp="27 Nov 2015 10:50:36 GMT" time="0.000" errors="0">
  <testcase name="ftest" time="0.000" classname="test.java.NewTest"/>
  <testcase name="gtest" time="0.000" classname="test.java.NewTest"/>
</testsuite> <!-- test.java.NewTest -->
