<?xml version="1.0" encoding="UTF-8"?>
<!-- Generated by org.testng.reporters.JUnitReportReporter -->
<testsuite hostname="de-c-w-869" name="test.java.ProductSearchTest" tests="1" failures="0" timestamp="27 Nov 2015 23:08:46 GMT" time="20.425" errors="0">
  <testcase name="verifyProductSearchListResult" time="20.425" classname="test.java.ProductSearchTest"/>
</testsuite> <!-- test.java.ProductSearchTest -->
