<?xml version="1.0" encoding="UTF-8"?>
<!-- Generated by org.testng.reporters.JUnitReportReporter -->
<testsuite hostname="de-c-w-869" name="test.java.Framework_001Test" tests="1" failures="0" timestamp="27 Nov 2015 10:50:36 GMT" time="70.136" errors="0">
  <testcase name="main" time="70.136" classname="test.java.Framework_001Test"/>
</testsuite> <!-- test.java.Framework_001Test -->
